TN:
SF:C:\Users\hubba\desktop\solar-age\src\js\solarAge.js
FN:2,(anonymous_0)
FN:7,(anonymous_1)
FN:11,(anonymous_2)
FN:16,(anonymous_3)
FN:20,(anonymous_4)
FN:25,(anonymous_5)
FN:29,(anonymous_6)
FN:34,(anonymous_7)
FN:38,(anonymous_8)
FN:43,(anonymous_9)
FNF:10
FNH:10
FNDA:13,(anonymous_0)
FNDA:2,(anonymous_1)
FNDA:2,(anonymous_2)
FNDA:2,(anonymous_3)
FNDA:2,(anonymous_4)
FNDA:2,(anonymous_5)
FNDA:2,(anonymous_6)
FNDA:2,(anonymous_7)
FNDA:2,(anonymous_8)
FNDA:5,(anonymous_9)
DA:3,13
DA:4,13
DA:5,13
DA:8,2
DA:9,2
DA:12,2
DA:13,2
DA:14,2
DA:17,2
DA:18,2
DA:21,2
DA:22,2
DA:23,2
DA:26,2
DA:27,2
DA:30,2
DA:31,2
DA:32,2
DA:35,2
DA:36,2
DA:39,2
DA:40,2
DA:41,2
DA:44,5
DA:48,5
DA:49,1
DA:50,1
DA:51,4
DA:52,1
DA:53,1
DA:54,3
DA:55,1
DA:56,1
DA:57,2
DA:58,1
DA:59,1
DA:61,1
DA:63,4
DA:64,1
DA:66,3
DA:68,4
LF:41
LH:41
BRDA:48,0,0,1
BRDA:48,0,1,4
BRDA:51,1,0,1
BRDA:51,1,1,3
BRDA:54,2,0,1
BRDA:54,2,1,2
BRDA:57,3,0,1
BRDA:57,3,1,1
BRDA:63,4,0,1
BRDA:63,4,1,3
BRF:10
BRH:10
end_of_record
